[2022-09-17T15:32:31.564] [DEBUG] cheese - login => username:zsf,password:123vdsvd
[2022-09-17T15:32:31.567] [DEBUG] cheese - zsf
[2022-09-17T15:32:31.580] [DEBUG] cheese - null
[2022-09-17T15:32:31.580] [DEBUG] cheese - null
[2022-09-17T15:32:34.321] [DEBUG] cheese - login => username:zsfdsv,password:123vdsvd
[2022-09-17T15:32:34.321] [DEBUG] cheese - zsfdsv
[2022-09-17T15:32:34.324] [DEBUG] cheese - null
[2022-09-17T15:32:34.325] [DEBUG] cheese - null
[2022-09-17T15:34:18.846] [DEBUG] cheese - login => username:zsf,password:123456
[2022-09-17T15:34:18.847] [DEBUG] cheese - zsf
[2022-09-17T15:34:18.849] [DEBUG] cheese - null
[2022-09-17T15:34:18.849] [DEBUG] cheese - null
[2022-09-17T16:07:08.122] [DEBUG] cheese - login => username:admin,password:123456
[2022-09-17T16:07:08.122] [DEBUG] cheese - admin
[2022-09-17T16:07:08.131] [DEBUG] cheese - null
[2022-09-17T16:07:08.131] [DEBUG] cheese - null
[2022-09-18T15:07:57.510] [DEBUG] cheese - login => username:admin,password:123456
[2022-09-18T15:07:57.510] [DEBUG] cheese - admin
[2022-09-18T15:07:57.528] [DEBUG] cheese - null
[2022-09-18T15:07:57.529] [DEBUG] cheese - null
[2022-09-18T21:24:28.140] [DEBUG] cheese - login => username:admin,password:123456
[2022-09-18T21:24:28.141] [DEBUG] cheese - admin
[2022-09-18T21:24:28.146] [DEBUG] cheese - null
[2022-09-18T21:24:28.146] [DEBUG] cheese - null
[2022-09-19T10:57:33.624] [DEBUG] cheese - login => username:admin,password:123456
[2022-09-19T10:57:33.625] [DEBUG] cheese - admin
[2022-09-19T10:57:33.644] [DEBUG] cheese - null
[2022-09-19T10:57:33.644] [DEBUG] cheese - null
[2022-09-19T12:37:51.521] [DEBUG] cheese - login => username:admin,password:123456
[2022-09-19T12:37:51.521] [DEBUG] cheese - admin
[2022-09-19T12:37:51.525] [DEBUG] cheese - null
[2022-09-19T12:37:51.526] [DEBUG] cheese - null
[2022-09-19T16:03:42.461] [DEBUG] cheese - login => username:admin,password:admin
[2022-09-19T16:03:42.463] [DEBUG] cheese - admin
[2022-09-19T16:03:42.466] [DEBUG] cheese - null
[2022-09-19T16:03:42.467] [DEBUG] cheese - null
[2022-09-19T16:03:51.950] [DEBUG] cheese - login => username:admin,password:123456
[2022-09-19T16:03:51.950] [DEBUG] cheese - admin
[2022-09-19T16:03:51.953] [DEBUG] cheese - null
[2022-09-19T16:03:51.953] [DEBUG] cheese - null
[2022-09-19T16:38:31.841] [DEBUG] cheese - login => username:admin,password:123456
[2022-09-19T16:38:31.842] [DEBUG] cheese - admin
[2022-09-19T16:38:31.844] [DEBUG] cheese - null
[2022-09-19T16:38:31.844] [DEBUG] cheese - null
[2022-09-20T15:42:59.571] [DEBUG] cheese - login => username:admin,password:123456
[2022-09-20T15:42:59.572] [DEBUG] cheese - admin
[2022-09-20T15:42:59.588] [DEBUG] cheese - null
[2022-09-20T15:42:59.588] [DEBUG] cheese - null
[2022-09-20T16:26:40.676] [DEBUG] cheese - null
[2022-09-20T16:40:49.484] [DEBUG] cheese - null
[2022-09-20T16:41:52.159] [DEBUG] cheese - null
[2022-09-20T16:41:56.970] [DEBUG] cheese - null
[2022-09-20T16:56:07.906] [DEBUG] cheese - null
[2022-09-22T01:01:58.722] [DEBUG] cheese - login => username:admin,password:123456
[2022-09-22T01:01:58.723] [DEBUG] cheese - admin
[2022-09-22T01:01:58.821] [DEBUG] cheese - null
[2022-09-22T01:01:58.821] [DEBUG] cheese - null
[2022-09-23T18:34:22.842] [DEBUG] cheese - login => username:admin,password:123456
[2022-09-23T18:34:22.843] [DEBUG] cheese - admin
[2022-09-23T18:34:22.899] [DEBUG] cheese - null
[2022-09-23T18:34:22.900] [DEBUG] cheese - null
[2022-09-24T09:46:50.838] [DEBUG] cheese - null
[2022-09-25T10:06:40.729] [DEBUG] cheese - login => username:admin,password:123456
[2022-09-25T10:06:40.730] [DEBUG] cheese - admin
[2022-09-25T10:06:40.746] [DEBUG] cheese - null
[2022-09-25T10:06:40.746] [DEBUG] cheese - null
[2022-09-25T10:22:10.902] [DEBUG] cheese - null
[2022-09-26T19:05:01.913] [DEBUG] cheese - login => username:admin,password:123456
[2022-09-26T19:05:01.915] [DEBUG] cheese - admin
[2022-09-26T19:05:01.982] [DEBUG] cheese - null
[2022-09-26T19:05:01.982] [DEBUG] cheese - null
[2022-09-27T11:27:26.850] [DEBUG] cheese - login => username:admin,password:123456
[2022-09-27T11:27:26.852] [DEBUG] cheese - admin
[2022-09-27T11:27:26.885] [DEBUG] cheese - null
[2022-09-27T11:27:26.886] [DEBUG] cheese - null
[2022-10-06T20:15:00.433] [DEBUG] cheese - login => username:admin,password:123456
[2022-10-06T20:15:00.434] [DEBUG] cheese - admin
[2022-10-06T20:15:00.442] [DEBUG] cheese - null
[2022-10-06T20:15:00.442] [DEBUG] cheese - null
